{"name": "test_hi_hr_login[higher_institution_hr]", "status": "broken", "statusDetails": {"message": "selenium.common.exceptions.TimeoutException: Message: \nStacktrace:\n\tGetHandleVerifier [0x00D033E3+25059]\n\t(No symbol) [0x00C8CDE4]\n\t(No symbol) [0x00B6BEC3]\n\t(No symbol) [0x00BAFD86]\n\t(No symbol) [0x00BAFFCB]\n\t(No symbol) [0x00BED952]\n\t(No symbol) [0x00BD1F44]\n\t(No symbol) [0x00BEB51E]\n\t(No symbol) [0x00BD1C96]\n\t(No symbol) [0x00BA3FAC]\n\t(No symbol) [0x00BA4F3D]\n\tGetHandleVerifier [0x00FF5543+3113795]\n\tGetHandleVerifier [0x0100A20A+3198986]\n\tGetHandleVerifier [0x010029E2+3168226]\n\tGetHandleVerifier [0x00DA3250+680016]\n\t(No symbol) [0x00C9572D]\n\t(No symbol) [0x00C929D8]\n\t(No symbol) [0x00C92B75]\n\t(No symbol) [0x00C857D0]\n\tBaseThreadInitThunk [0x757D7BA9+25]\n\tRtlInitializeExceptionChain [0x7784C0CB+107]\n\tRtlClearBits [0x7784C04F+191]", "trace": "self = <login.test_login.TestLogIn object at 0x0000015D04920460>\nsetup = <selenium.webdriver.chrome.webdriver.WebDriver (session=\"934da1944b103f2fb64cf667b3c51c93\")>\nrequest = <SubRequest 'setup_login' for <Function test_hi_hr_login[higher_institution_hr]>>\n\n    @pytest.fixture\n    def setup_login(self, setup, request):\n        role = request.param  # Access the role passed in parameterized tests\n        s_email = self.credentials_manager.get_email(role)\n        s_password = self.credentials_manager.get_password(role)\n        if not s_email or not s_password:\n            pytest.fail(f\"Missing credentials for role: {role}\")\n    \n        driver = setup\n        lp = Login(driver)\n        driver.get(self.baseURL)\n        driver.maximize_window()\n>       lp.click_login_lp()\n\nlogin\\test_login.py:30: \n_ _ _ _ _ _ _ _ _ _ _ _ _ _ _ _ _ _ _ _ _ _ _ _ _ _ _ _ _ _ _ _ _ _ _ _ _ _ _ _\nlogin\\page.py:14: in click_login_lp\n    self.click_element('CSS_SELECTOR', landing_page.login_css)\nhelpers\\base_page.py:56: in click_element\n    element = WebDriverWait(self.driver, timeout).until(\n_ _ _ _ _ _ _ _ _ _ _ _ _ _ _ _ _ _ _ _ _ _ _ _ _ _ _ _ _ _ _ _ _ _ _ _ _ _ _ _\n\nself = <selenium.webdriver.support.wait.WebDriverWait (session=\"934da1944b103f2fb64cf667b3c51c93\")>\nmethod = <function element_to_be_clickable.<locals>._predicate at 0x0000015D04A425E0>\nmessage = ''\n\n    def until(self, method: Callable[[D], Union[Literal[False], T]], message: str = \"\") -> T:\n        \"\"\"Calls the method provided with the driver as an argument until the \\\n        return value does not evaluate to ``False``.\n    \n        :param method: callable(WebDriver)\n        :param message: optional message for :exc:`TimeoutException`\n        :returns: the result of the last call to `method`\n        :raises: :exc:`selenium.common.exceptions.TimeoutException` if timeout occurs\n        \"\"\"\n        screen = None\n        stacktrace = None\n    \n        end_time = time.monotonic() + self._timeout\n        while True:\n            try:\n                value = method(self._driver)\n                if value:\n                    return value\n            except self._ignored_exceptions as exc:\n                screen = getattr(exc, \"screen\", None)\n                stacktrace = getattr(exc, \"stacktrace\", None)\n            if time.monotonic() > end_time:\n                break\n            time.sleep(self._poll)\n>       raise TimeoutException(message, screen, stacktrace)\nE       selenium.common.exceptions.TimeoutException: Message: \nE       Stacktrace:\nE       \tGetHandleVerifier [0x00D033E3+25059]\nE       \t(No symbol) [0x00C8CDE4]\nE       \t(No symbol) [0x00B6BEC3]\nE       \t(No symbol) [0x00BAFD86]\nE       \t(No symbol) [0x00BAFFCB]\nE       \t(No symbol) [0x00BED952]\nE       \t(No symbol) [0x00BD1F44]\nE       \t(No symbol) [0x00BEB51E]\nE       \t(No symbol) [0x00BD1C96]\nE       \t(No symbol) [0x00BA3FAC]\nE       \t(No symbol) [0x00BA4F3D]\nE       \tGetHandleVerifier [0x00FF5543+3113795]\nE       \tGetHandleVerifier [0x0100A20A+3198986]\nE       \tGetHandleVerifier [0x010029E2+3168226]\nE       \tGetHandleVerifier [0x00DA3250+680016]\nE       \t(No symbol) [0x00C9572D]\nE       \t(No symbol) [0x00C929D8]\nE       \t(No symbol) [0x00C92B75]\nE       \t(No symbol) [0x00C857D0]\nE       \tBaseThreadInitThunk [0x757D7BA9+25]\nE       \tRtlInitializeExceptionChain [0x7784C0CB+107]\nE       \tRtlClearBits [0x7784C04F+191]\n\n..\\..\\AppData\\Local\\Programs\\Python\\Python39\\lib\\site-packages\\selenium\\webdriver\\support\\wait.py:105: TimeoutException"}, "parameters": [{"name": "setup_login", "value": "'higher_institution_hr'"}], "start": 1732445530118, "stop": 1732445530119, "uuid": "a8b2e71e-eaaa-451f-9f37-7418e1f10b9d", "historyId": "81f5bf3b4c48121ad39f523d25631544", "testCaseId": "ad2440b05a8b7836344274d9fbe70bec", "fullName": "login.test_login.TestLogIn#test_hi_hr_login", "labels": [{"name": "parentSuite", "value": "login"}, {"name": "suite", "value": "test_login"}, {"name": "subSuite", "value": "TestLogIn"}, {"name": "host", "value": "Ramandeep"}, {"name": "thread", "value": "20888-MainThread"}, {"name": "framework", "value": "pytest"}, {"name": "language", "value": "cpython3"}, {"name": "package", "value": "login.test_login"}]}